# JRE version: OpenJDK Runtime Environment Temurin-17.0.16+8 (17.0.16+8) (build 17.0.16+8)
# Java VM: OpenJDK 64-Bit Server VM Temurin-17.0.16+8 (17.0.16+8, mixed mode, emulated-client, sharing, tiered, compressed oops, compressed class ptrs, g1 gc, windows-amd64)
GC Precious Log:
 CPUs: 12 total, 12 available
 Memory: 7518M
 Large Page Support: Disabled
 NUMA Support: Disabled
 Compressed Oops: Enabled (32-bit)
 Heap Region Size: 1M
 Heap Min Capacity: 8M
 Heap Initial Capacity: 118M
 Heap Max Capacity: 1880M
 Pre-touch: Disabled
 Parallel Workers: 10
 Concurrent Workers: 3
 Concurrent Refinement Workers: 10
 Periodic GC: Disabled
Heap:
 garbage-first heap   total 75776K, used 41583K [0x000000008a800000, 0x0000000100000000)
  region size 1024K, 18 young (18432K), 2 survivors (2048K)
 Metaspace       used 57062K, committed 57536K, reserved 1114112K
  class space    used 8338K, committed 8576K, reserved 1048576K
GC Heap History (20 events):
Event: 4709.862 GC heap after
{Heap after GC invocations=27 (full 4):
 garbage-first heap   total 75776K, used 23509K [0x000000008a800000, 0x0000000100000000)
  region size 1024K, 4 young (4096K), 4 survivors (4096K)
 Metaspace       used 55175K, committed 55808K, reserved 1114112K
  class space    used 8057K, committed 8320K, reserved 1048576K
}
Event: 4712.020 GC heap before
{Heap before GC invocations=27 (full 4):
 garbage-first heap   total 75776K, used 56277K [0x000000008a800000, 0x0000000100000000)
  region size 1024K, 37 young (37888K), 4 survivors (4096K)
 Metaspace       used 55275K, committed 55808K, reserved 1114112K
  class space    used 8091K, committed 8320K, reserved 1048576K
}
Event: 4712.029 GC heap after
{Heap after GC invocations=28 (full 4):
 garbage-first heap   total 75776K, used 26027K [0x000000008a800000, 0x0000000100000000)
  region size 1024K, 3 young (3072K), 3 survivors (3072K)
 Metaspace       used 55275K, committed 55808K, reserved 1114112K
  class space    used 8091K, committed 8320K, reserved 1048576K
}
Event: 4713.798 GC heap before
{Heap before GC invocations=28 (full 4):
 garbage-first heap   total 75776K, used 55723K [0x000000008a800000, 0x0000000100000000)
  region size 1024K, 33 young (33792K), 3 survivors (3072K)
 Metaspace       used 55385K, committed 55872K, reserved 1114112K
  class space    used 8097K, committed 8320K, reserved 1048576K
}
Event: 4713.806 GC heap after
{Heap after GC invocations=29 (full 4):
 garbage-first heap   total 75776K, used 29439K [0x000000008a800000, 0x0000000100000000)
  region size 1024K, 4 young (4096K), 4 survivors (4096K)
 Metaspace       used 55385K, committed 55872K, reserved 1114112K
  class space    used 8097K, committed 8320K, reserved 1048576K
}
Event: 4734.949 GC heap before
{Heap before GC invocations=29 (full 4):
 garbage-first heap   total 75776K, used 31487K [0x000000008a800000, 0x0000000100000000)
  region size 1024K, 7 young (7168K), 4 survivors (4096K)
 Metaspace       used 55389K, committed 55872K, reserved 1114112K
  class space    used 8098K, committed 8320K, reserved 1048576K
}
Event: 4735.309 GC heap after
{Heap after GC invocations=30 (full 5):
 garbage-first heap   total 75776K, used 22437K [0x000000008a800000, 0x0000000100000000)
  region size 1024K, 0 young (0K), 0 survivors (0K)
 Metaspace       used 55278K, committed 55872K, reserved 1114112K
  class space    used 8091K, committed 8320K, reserved 1048576K
}
Event: 4737.725 GC heap before
{Heap before GC invocations=30 (full 5):
 garbage-first heap   total 75776K, used 56229K [0x000000008a800000, 0x0000000100000000)
  region size 1024K, 33 young (33792K), 0 survivors (0K)
 Metaspace       used 55282K, committed 55872K, reserved 1114112K
  class space    used 8092K, committed 8320K, reserved 1048576K
}
Event: 4737.731 GC heap after
{Heap after GC invocations=31 (full 5):
 garbage-first heap   total 75776K, used 25350K [0x000000008a800000, 0x0000000100000000)
  region size 1024K, 3 young (3072K), 3 survivors (3072K)
 Metaspace       used 55282K, committed 55872K, reserved 1114112K
  class space    used 8092K, committed 8320K, reserved 1048576K
}
Event: 4760.053 GC heap before
{Heap before GC invocations=31 (full 5):
 garbage-first heap   total 75776K, used 56070K [0x000000008a800000, 0x0000000100000000)
  region size 1024K, 33 young (33792K), 3 survivors (3072K)
 Metaspace       used 55396K, committed 55936K, reserved 1114112K
  class space    used 8099K, committed 8320K, reserved 1048576K
}
Event: 4760.072 GC heap after
{Heap after GC invocations=32 (full 5):
 garbage-first heap   total 75776K, used 26268K [0x000000008a800000, 0x0000000100000000)
  region size 1024K, 2 young (2048K), 2 survivors (2048K)
 Metaspace       used 55396K, committed 55936K, reserved 1114112K
  class space    used 8099K, committed 8320K, reserved 1048576K
}
Event: 5039.893 GC heap before
{Heap before GC invocations=32 (full 5):
 garbage-first heap   total 75776K, used 54940K [0x000000008a800000, 0x0000000100000000)
  region size 1024K, 31 young (31744K), 2 survivors (2048K)
 Metaspace       used 56843K, committed 57344K, reserved 1114112K
  class space    used 8313K, committed 8576K, reserved 1048576K
}
Event: 5039.971 GC heap after
{Heap after GC invocations=33 (full 5):
 garbage-first heap   total 75776K, used 26729K [0x000000008a800000, 0x0000000100000000)
  region size 1024K, 3 young (3072K), 3 survivors (3072K)
 Metaspace       used 56843K, committed 57344K, reserved 1114112K
  class space    used 8313K, committed 8576K, reserved 1048576K
}
Event: 5427.103 GC heap before
{Heap before GC invocations=33 (full 5):
 garbage-first heap   total 75776K, used 56425K [0x000000008a800000, 0x0000000100000000)
  region size 1024K, 32 young (32768K), 3 survivors (3072K)
 Metaspace       used 56843K, committed 57344K, reserved 1114112K
  class space    used 8313K, committed 8576K, reserved 1048576K
}
Event: 5427.167 GC heap after
{Heap after GC invocations=34 (full 5):
 garbage-first heap   total 75776K, used 26273K [0x000000008a800000, 0x0000000100000000)
  region size 1024K, 2 young (2048K), 2 survivors (2048K)
 Metaspace       used 56843K, committed 57344K, reserved 1114112K
  class space    used 8313K, committed 8576K, reserved 1048576K
}
Event: 5840.257 GC heap before
{Heap before GC invocations=34 (full 5):
 garbage-first heap   total 75776K, used 58017K [0x000000008a800000, 0x0000000100000000)
  region size 1024K, 33 young (33792K), 2 survivors (2048K)
 Metaspace       used 56843K, committed 57344K, reserved 1114112K
  class space    used 8313K, committed 8576K, reserved 1048576K
}
Event: 5840.319 GC heap after
{Heap after GC invocations=35 (full 5):
 garbage-first heap   total 75776K, used 26290K [0x000000008a800000, 0x0000000100000000)
  region size 1024K, 2 young (2048K), 2 survivors (2048K)
 Metaspace       used 56843K, committed 57344K, reserved 1114112K
  class space    used 8313K, committed 8576K, reserved 1048576K
}
Event: 6273.822 GC heap before
{Heap before GC invocations=35 (full 5):
 garbage-first heap   total 75776K, used 59058K [0x000000008a800000, 0x0000000100000000)
  region size 1024K, 34 young (34816K), 2 survivors (2048K)
 Metaspace       used 56843K, committed 57344K, reserved 1114112K
  class space    used 8313K, committed 8576K, reserved 1048576K
}
Event: 6273.888 GC heap after
{Heap after GC invocations=36 (full 5):
 garbage-first heap   total 75776K, used 26223K [0x000000008a800000, 0x0000000100000000)
  region size 1024K, 2 young (2048K), 2 survivors (2048K)
 Metaspace       used 56843K, committed 57344K, reserved 1114112K
  class space    used 8313K, committed 8576K, reserved 1048576K
}
Event: 6456.653 GC heap before
{Heap before GC invocations=36 (full 5):
 garbage-first heap   total 75776K, used 41583K [0x000000008a800000, 0x0000000100000000)
  region size 1024K, 18 young (18432K), 2 survivors (2048K)
 Metaspace       used 57062K, committed 57536K, reserved 1114112K
  class space    used 8338K, committed 8576K, reserved 1048576K
}

